<?xml version="1.0" encoding="UTF-8"?>
<!-- Generated by org.testng.reporters.JUnitXMLReporter -->
<testsuite ignored="8" hostname="DESKTOP-3DPRU8F" failures="0" tests="1" name="Default test" time="7.585" errors="0" timestamp="2023-11-26T21:49:25 PST">
  <testcase classname="MyClass" name="RandomlySelectAdults" time="2.826"/>
  <testcase classname="MyClass" name="CheckTheQitafLogo" time="0.0">
    <ignored/>
  </testcase> <!-- CheckTheQitafLogo -->
  <testcase classname="MyClass" name="CheckTheLanguage" time="0.0">
    <ignored/>
  </testcase> <!-- CheckTheLanguage -->
  <testcase classname="MyClass" name="CheckTheCurrency" time="0.0">
    <ignored/>
  </testcase> <!-- CheckTheCurrency -->
  <testcase classname="MyClass" name="CheckTheReturnDate" time="0.0">
    <ignored/>
  </testcase> <!-- CheckTheReturnDate -->
  <testcase classname="MyClass" name="CheckTheDepartureDate" time="0.0">
    <ignored/>
  </testcase> <!-- CheckTheDepartureDate -->
  <testcase classname="MyClass" name="CheckTheContactNumber" time="0.0">
    <ignored/>
  </testcase> <!-- CheckTheContactNumber -->
  <testcase classname="MyClass" name="ChangeLanguageRandomly" time="0.0">
    <ignored/>
  </testcase> <!-- ChangeLanguageRandomly -->
  <testcase classname="MyClass" name="CheckTheHotelsTab" time="0.0">
    <ignored/>
  </testcase> <!-- CheckTheHotelsTab -->
</testsuite> <!-- Default test -->
