<?xml version="1.0" encoding="UTF-8"?>
<!-- Generated by org.testng.reporters.JUnitXMLReporter -->
<testsuite ignored="6" hostname="DESKTOP-3DPRU8F" failures="0" tests="1" name="Default test" time="23.47" errors="0" timestamp="2023-12-15T22:33:18 PST">
  <testcase classname="MyClass" name="ChangeLanguageRandomly" time="18.899"/>
  <testcase classname="MyClass" name="CheckTheQitafLogo" time="0.0">
    <ignored/>
  </testcase> <!-- CheckTheQitafLogo -->
  <testcase classname="MyClass" name="CheckTheLanguage" time="0.0">
    <ignored/>
  </testcase> <!-- CheckTheLanguage -->
  <testcase classname="MyClass" name="CheckTheCurrency" time="0.0">
    <ignored/>
  </testcase> <!-- CheckTheCurrency -->
  <testcase classname="MyClass" name="CheckTheDepartureAndReturnDate" time="0.0">
    <ignored/>
  </testcase> <!-- CheckTheDepartureAndReturnDate -->
  <testcase classname="MyClass" name="CheckTheContactNumber" time="0.0">
    <ignored/>
  </testcase> <!-- CheckTheContactNumber -->
  <testcase classname="MyClass" name="CheckTheHotelsTab" time="0.0">
    <ignored/>
  </testcase> <!-- CheckTheHotelsTab -->
</testsuite> <!-- Default test -->
