<?xml version="1.0" encoding="UTF-8"?>
<testng-results ignored="7" total="8" passed="1" failed="0" skipped="0">
  <reporter-output>
  </reporter-output>
  <suite started-at="2023-12-16T22:15:04 PST" name="Default suite" finished-at="2023-12-16T22:15:28 PST" duration-ms="24219">
    <groups>
    </groups>
    <test started-at="2023-12-16T22:15:04 PST" name="Default test" finished-at="2023-12-16T22:15:28 PST" duration-ms="24219">
      <class name="MyClass">
        <test-method is-config="true" signature="mySetup()[pri:0, instance:MyClass@773f7880]" started-at="2023-12-16T22:15:04 PST" name="mySetup" finished-at="2023-12-16T22:15:08 PST" duration-ms="4666" status="PASS">
          <reporter-output>
          </reporter-output>
        </test-method> <!-- mySetup -->
        <test-method signature="HotelSwitch()[pri:0, instance:MyClass@773f7880]" started-at="2023-12-16T22:15:08 PST" name="HotelSwitch" finished-at="2023-12-16T22:15:28 PST" duration-ms="19513" status="PASS">
          <reporter-output>
          </reporter-output>
        </test-method> <!-- HotelSwitch -->
        <test-method is-config="true" signature="Post()[pri:0, instance:MyClass@773f7880]" started-at="2023-12-16T22:15:28 PST" name="Post" finished-at="2023-12-16T22:15:28 PST" duration-ms="0" status="PASS">
          <reporter-output>
          </reporter-output>
        </test-method> <!-- Post -->
      </class> <!-- MyClass -->
    </test> <!-- Default test -->
  </suite> <!-- Default suite -->
</testng-results>
