<?xml version="1.0" encoding="UTF-8"?>
<testng-results ignored="6" total="7" passed="1" failed="0" skipped="0">
  <reporter-output>
  </reporter-output>
  <suite started-at="2023-12-15T22:32:55 PST" name="Default suite" finished-at="2023-12-15T22:33:18 PST" duration-ms="23470">
    <groups>
    </groups>
    <test started-at="2023-12-15T22:32:55 PST" name="Default test" finished-at="2023-12-15T22:33:18 PST" duration-ms="23470">
      <class name="MyClass">
        <test-method is-config="true" signature="mySetup()[pri:0, instance:MyClass@65a4798f]" started-at="2023-12-15T22:32:55 PST" name="mySetup" finished-at="2023-12-15T22:32:59 PST" duration-ms="4519" status="PASS">
          <reporter-output>
          </reporter-output>
        </test-method> <!-- mySetup -->
        <test-method signature="ChangeLanguageRandomly()[pri:0, instance:MyClass@65a4798f]" started-at="2023-12-15T22:32:59 PST" name="ChangeLanguageRandomly" finished-at="2023-12-15T22:33:18 PST" duration-ms="18899" status="PASS">
          <reporter-output>
          </reporter-output>
        </test-method> <!-- ChangeLanguageRandomly -->
        <test-method is-config="true" signature="Post()[pri:0, instance:MyClass@65a4798f]" started-at="2023-12-15T22:33:18 PST" name="Post" finished-at="2023-12-15T22:33:18 PST" duration-ms="0" status="PASS">
          <reporter-output>
          </reporter-output>
        </test-method> <!-- Post -->
      </class> <!-- MyClass -->
    </test> <!-- Default test -->
  </suite> <!-- Default suite -->
</testng-results>
